0 silly argv {
0 silly argv   _: [ 'run' ],
0 silly argv   parallel: true,
0 silly argv   lernaVersion: '3.22.1',
0 silly argv   '$0': 'lerna',
0 silly argv   script: 'start'
0 silly argv }
1 notice cli v3.22.1
2 verbose rootPath /Users/ilyas/Desktop/Projects/carnetjs
3 info Executing command in 3 packages: "npm run start"
4 silly npmRunScript.stream [ 'start', [], 'cli' ]
5 silly getExecOpts /Users/ilyas/Desktop/Projects/carnetjs/packages/cli undefined
6 silly npmRunScript.stream [ 'start', [], 'local-api' ]
7 silly getExecOpts /Users/ilyas/Desktop/Projects/carnetjs/packages/local-api undefined
8 silly npmRunScript.stream [ 'start', [], 'booknotes' ]
9 silly getExecOpts /Users/ilyas/Desktop/Projects/carnetjs/packages/local-client undefined
10 error Error: Command failed: npm run start
10 error
10 error
10 error > cli@1.0.0 start
10 error > tsc --watch --preserveWatchOutput
10 error
10 error
10 error 9:37:52 AM - Starting compilation in watch mode...
10 error
10 error
10 error 9:37:53 AM - Found 0 errors. Watching for file changes.
10 error
10 error 9:37:53 AM - File change detected. Starting incremental compilation...
10 error
10 error
10 error 9:37:53 AM - Found 0 errors. Watching for file changes.
10 error
10 error     at makeError (/usr/local/lib/node_modules/lerna/node_modules/execa/index.js:174:9)
10 error     at /usr/local/lib/node_modules/lerna/node_modules/execa/index.js:278:16
